2025-05-21 17:17:48.866 [main] INFO  com.itheima.TliasApplication-Starting TliasApplication using Java 17.0.15 with PID 16800 (C:\Users\Wulaaer\Desktop\JavaProject\Tlias-web-management\Tlias\target\classes started by Wulaaer in C:\Users\Wulaaer\Desktop\JavaProject\Tlias-web-management)
2025-05-21 17:17:48.868 [main] INFO  com.itheima.TliasApplication-No active profile set, falling back to 1 default profile: "default"
2025-05-21 17:17:49.395 [main] INFO  o.s.boot.web.embedded.tomcat.TomcatWebServer-Tomcat initialized with port 8080 (http)
2025-05-21 17:17:49.402 [main] INFO  org.apache.coyote.http11.Http11NioProtocol-Initializing ProtocolHandler ["http-nio-8080"]
2025-05-21 17:17:49.404 [main] INFO  org.apache.catalina.core.StandardService-Starting service [Tomcat]
2025-05-21 17:17:49.404 [main] INFO  org.apache.catalina.core.StandardEngine-Starting Servlet engine: [Apache Tomcat/10.1.40]
2025-05-21 17:17:49.434 [main] INFO  o.a.c.core.ContainerBase.[Tomcat].[localhost].[/]-Initializing Spring embedded WebApplicationContext
2025-05-21 17:17:49.435 [main] INFO  o.s.b.w.s.c.ServletWebServerApplicationContext-Root WebApplicationContext: initialization completed in 541 ms
2025-05-21 17:17:49.728 [main] INFO  org.apache.coyote.http11.Http11NioProtocol-Starting ProtocolHandler ["http-nio-8080"]
2025-05-21 17:17:49.740 [main] INFO  o.s.boot.web.embedded.tomcat.TomcatWebServer-Tomcat started on port 8080 (http) with context path '/'
2025-05-21 17:17:49.745 [main] INFO  com.itheima.TliasApplication-Started TliasApplication in 1.151 seconds (process running for 1.813)
2025-05-21 17:18:02.693 [http-nio-8080-exec-1] INFO  o.a.c.core.ContainerBase.[Tomcat].[localhost].[/]-Initializing Spring DispatcherServlet 'dispatcherServlet'
2025-05-21 17:18:02.693 [http-nio-8080-exec-1] INFO  org.springframework.web.servlet.DispatcherServlet-Initializing Servlet 'dispatcherServlet'
2025-05-21 17:18:02.694 [http-nio-8080-exec-1] INFO  org.springframework.web.servlet.DispatcherServlet-Completed initialization in 1 ms
2025-05-21 17:18:02.713 [http-nio-8080-exec-1] INFO  com.itheima.controller.DeptController-查询部门列表
2025-05-21 17:18:02.724 [http-nio-8080-exec-1] INFO  com.zaxxer.hikari.HikariDataSource-HikariPool-1 - Starting...
2025-05-21 17:18:02.905 [http-nio-8080-exec-1] INFO  com.zaxxer.hikari.pool.HikariPool-HikariPool-1 - Added connection com.mysql.cj.jdbc.ConnectionImpl@712e4a9d
2025-05-21 17:18:02.907 [http-nio-8080-exec-1] INFO  com.zaxxer.hikari.HikariDataSource-HikariPool-1 - Start completed.
2025-05-21 17:18:05.505 [http-nio-8080-exec-2] INFO  com.itheima.controller.DeptController-根据ID查询, id: 12
2025-05-21 17:18:12.027 [http-nio-8080-exec-3] INFO  com.itheima.controller.DeptController-修改部门, dept: Dept(id=12, name=什么部, createTime=null, updateTime=2025-05-21T15:39:09)
2025-05-21 17:18:12.075 [http-nio-8080-exec-8] INFO  com.itheima.controller.DeptController-查询部门列表
2025-05-21 17:18:14.998 [http-nio-8080-exec-10] INFO  com.itheima.controller.DeptController-根据id删除部门, id: 12
2025-05-21 17:18:15.007 [http-nio-8080-exec-6] INFO  com.itheima.controller.DeptController-查询部门列表
2025-05-21 20:19:43.039 [http-nio-8080-exec-7] INFO  com.itheima.controller.DeptController-查询部门列表
2025-05-21 20:30:15.298 [SpringApplicationShutdownHook] INFO  o.s.boot.web.embedded.tomcat.GracefulShutdown-Commencing graceful shutdown. Waiting for active requests to complete
2025-05-21 20:30:15.350 [tomcat-shutdown] INFO  o.s.boot.web.embedded.tomcat.GracefulShutdown-Graceful shutdown complete
2025-05-21 20:30:15.352 [SpringApplicationShutdownHook] INFO  com.zaxxer.hikari.HikariDataSource-HikariPool-1 - Shutdown initiated...
2025-05-21 20:30:15.356 [SpringApplicationShutdownHook] INFO  com.zaxxer.hikari.HikariDataSource-HikariPool-1 - Shutdown completed.
2025-05-21 20:55:07.845 [main] INFO  com.itheima.TliasApplication-Starting TliasApplication using Java 17.0.15 with PID 30664 (C:\Users\Wulaaer\Desktop\JavaProject\Tlias-web-management\Tlias\target\classes started by Wulaaer in C:\Users\Wulaaer\Desktop\JavaProject\Tlias-web-management)
2025-05-21 20:55:07.846 [main] INFO  com.itheima.TliasApplication-No active profile set, falling back to 1 default profile: "default"
2025-05-21 20:55:08.422 [main] INFO  o.s.boot.web.embedded.tomcat.TomcatWebServer-Tomcat initialized with port 8080 (http)
2025-05-21 20:55:08.430 [main] INFO  org.apache.coyote.http11.Http11NioProtocol-Initializing ProtocolHandler ["http-nio-8080"]
2025-05-21 20:55:08.431 [main] INFO  org.apache.catalina.core.StandardService-Starting service [Tomcat]
2025-05-21 20:55:08.431 [main] INFO  org.apache.catalina.core.StandardEngine-Starting Servlet engine: [Apache Tomcat/10.1.40]
2025-05-21 20:55:08.461 [main] INFO  o.a.c.core.ContainerBase.[Tomcat].[localhost].[/]-Initializing Spring embedded WebApplicationContext
2025-05-21 20:55:08.462 [main] INFO  o.s.b.w.s.c.ServletWebServerApplicationContext-Root WebApplicationContext: initialization completed in 590 ms
2025-05-21 20:55:08.779 [main] INFO  org.apache.coyote.http11.Http11NioProtocol-Starting ProtocolHandler ["http-nio-8080"]
2025-05-21 20:55:08.791 [main] INFO  o.s.boot.web.embedded.tomcat.TomcatWebServer-Tomcat started on port 8080 (http) with context path '/'
2025-05-21 20:55:08.796 [main] INFO  com.itheima.TliasApplication-Started TliasApplication in 1.192 seconds (process running for 1.809)
2025-05-21 20:57:17.161 [http-nio-8080-exec-2] INFO  o.a.c.core.ContainerBase.[Tomcat].[localhost].[/]-Initializing Spring DispatcherServlet 'dispatcherServlet'
2025-05-21 20:57:17.162 [http-nio-8080-exec-2] INFO  org.springframework.web.servlet.DispatcherServlet-Initializing Servlet 'dispatcherServlet'
2025-05-21 20:57:17.162 [http-nio-8080-exec-2] INFO  org.springframework.web.servlet.DispatcherServlet-Completed initialization in 0 ms
2025-05-21 20:57:17.183 [http-nio-8080-exec-2] INFO  com.itheima.controller.DeptController-查询部门列表
2025-05-21 20:57:17.196 [http-nio-8080-exec-2] INFO  com.zaxxer.hikari.HikariDataSource-HikariPool-1 - Starting...
2025-05-21 20:57:17.376 [http-nio-8080-exec-2] INFO  com.zaxxer.hikari.pool.HikariPool-HikariPool-1 - Added connection com.mysql.cj.jdbc.ConnectionImpl@3eec118b
2025-05-21 20:57:17.378 [http-nio-8080-exec-2] INFO  com.zaxxer.hikari.HikariDataSource-HikariPool-1 - Start completed.
2025-05-21 20:57:21.076 [http-nio-8080-exec-1] INFO  com.itheima.controller.DeptController-查询部门列表
2025-05-21 20:57:21.084 [http-nio-8080-exec-6] INFO  com.itheima.controller.EmpController-查询员工信息, page=1, pageSize=10
2025-05-21 20:57:28.590 [http-nio-8080-exec-4] INFO  com.itheima.controller.EmpController-查询员工信息, page=2, pageSize=10
2025-05-21 20:57:30.327 [http-nio-8080-exec-5] INFO  com.itheima.controller.EmpController-查询员工信息, page=3, pageSize=10
2025-05-21 20:57:31.604 [http-nio-8080-exec-3] INFO  com.itheima.controller.EmpController-查询员工信息, page=1, pageSize=10
2025-05-21 20:57:32.412 [http-nio-8080-exec-7] INFO  com.itheima.controller.EmpController-查询员工信息, page=3, pageSize=10
2025-05-21 20:57:33.186 [http-nio-8080-exec-8] INFO  com.itheima.controller.EmpController-查询员工信息, page=2, pageSize=10
2025-05-21 20:57:33.824 [http-nio-8080-exec-9] INFO  com.itheima.controller.EmpController-查询员工信息, page=1, pageSize=10
2025-05-21 21:29:01.685 [SpringApplicationShutdownHook] INFO  o.s.boot.web.embedded.tomcat.GracefulShutdown-Commencing graceful shutdown. Waiting for active requests to complete
2025-05-21 21:29:01.737 [tomcat-shutdown] INFO  o.s.boot.web.embedded.tomcat.GracefulShutdown-Graceful shutdown complete
2025-05-21 21:29:01.740 [SpringApplicationShutdownHook] INFO  com.zaxxer.hikari.HikariDataSource-HikariPool-1 - Shutdown initiated...
2025-05-21 21:29:01.743 [SpringApplicationShutdownHook] INFO  com.zaxxer.hikari.HikariDataSource-HikariPool-1 - Shutdown completed.
2025-05-21 21:29:11.218 [main] INFO  com.itheima.TliasApplication-Starting TliasApplication using Java 17.0.15 with PID 14500 (C:\Users\Wulaaer\Desktop\JavaProject\Tlias-web-management\Tlias\target\classes started by Wulaaer in C:\Users\Wulaaer\Desktop\JavaProject\Tlias-web-management)
2025-05-21 21:29:11.220 [main] INFO  com.itheima.TliasApplication-No active profile set, falling back to 1 default profile: "default"
2025-05-21 21:29:11.793 [main] INFO  o.s.boot.web.embedded.tomcat.TomcatWebServer-Tomcat initialized with port 8080 (http)
2025-05-21 21:29:11.801 [main] INFO  org.apache.coyote.http11.Http11NioProtocol-Initializing ProtocolHandler ["http-nio-8080"]
2025-05-21 21:29:11.802 [main] INFO  org.apache.catalina.core.StandardService-Starting service [Tomcat]
2025-05-21 21:29:11.802 [main] INFO  org.apache.catalina.core.StandardEngine-Starting Servlet engine: [Apache Tomcat/10.1.40]
2025-05-21 21:29:11.832 [main] INFO  o.a.c.core.ContainerBase.[Tomcat].[localhost].[/]-Initializing Spring embedded WebApplicationContext
2025-05-21 21:29:11.832 [main] INFO  o.s.b.w.s.c.ServletWebServerApplicationContext-Root WebApplicationContext: initialization completed in 584 ms
2025-05-21 21:29:11.998 [main] ERROR org.mybatis.spring.mapper.MapperFactoryBean-Error while adding the mapper 'interface com.itheima.mapper.EmpMapper' to configuration.
java.lang.IllegalArgumentException: Mapped Statements collection already contains key com.itheima.mapper.EmpMapper.list. please check com/itheima/mapper/EmpMapper.xml and com/itheima/mapper/EmpMapper.java (best guess)
	at org.apache.ibatis.session.Configuration$StrictMap.put(Configuration.java:1158)
	at org.apache.ibatis.session.Configuration$StrictMap.put(Configuration.java:1111)
	at org.apache.ibatis.session.Configuration.addMappedStatement(Configuration.java:834)
	at org.apache.ibatis.builder.MapperBuilderAssistant.addMappedStatement(MapperBuilderAssistant.java:223)
	at org.apache.ibatis.builder.annotation.MapperAnnotationBuilder.lambda$parseStatement$2(MapperAnnotationBuilder.java:349)
	at java.base/java.util.Optional.ifPresent(Optional.java:178)
	at org.apache.ibatis.builder.annotation.MapperAnnotationBuilder.parseStatement(MapperAnnotationBuilder.java:286)
	at org.apache.ibatis.builder.annotation.MapperAnnotationBuilder.parse(MapperAnnotationBuilder.java:131)
	at org.apache.ibatis.binding.MapperRegistry.addMapper(MapperRegistry.java:72)
	at org.apache.ibatis.session.Configuration.addMapper(Configuration.java:943)
	at org.mybatis.spring.mapper.MapperFactoryBean.checkDaoConfig(MapperFactoryBean.java:76)
	at org.springframework.dao.support.DaoSupport.afterPropertiesSet(DaoSupport.java:44)
	at org.springframework.beans.factory.support.AbstractAutowireCapableBeanFactory.invokeInitMethods(AbstractAutowireCapableBeanFactory.java:1865)
	at org.springframework.beans.factory.support.AbstractAutowireCapableBeanFactory.initializeBean(AbstractAutowireCapableBeanFactory.java:1814)
	at org.springframework.beans.factory.support.AbstractAutowireCapableBeanFactory.doCreateBean(AbstractAutowireCapableBeanFactory.java:607)
	at org.springframework.beans.factory.support.AbstractAutowireCapableBeanFactory.createBean(AbstractAutowireCapableBeanFactory.java:529)
	at org.springframework.beans.factory.support.AbstractBeanFactory.lambda$doGetBean$0(AbstractBeanFactory.java:339)
	at org.springframework.beans.factory.support.DefaultSingletonBeanRegistry.getSingleton(DefaultSingletonBeanRegistry.java:371)
	at org.springframework.beans.factory.support.AbstractBeanFactory.doGetBean(AbstractBeanFactory.java:337)
	at org.springframework.beans.factory.support.AbstractBeanFactory.getBean(AbstractBeanFactory.java:202)
	at org.springframework.beans.factory.support.DefaultListableBeanFactory.doResolveDependency(DefaultListableBeanFactory.java:1681)
	at org.springframework.beans.factory.support.DefaultListableBeanFactory.resolveDependency(DefaultListableBeanFactory.java:1627)
	at org.springframework.beans.factory.annotation.AutowiredAnnotationBeanPostProcessor$AutowiredFieldElement.resolveFieldValue(AutowiredAnnotationBeanPostProcessor.java:785)
	at org.springframework.beans.factory.annotation.AutowiredAnnotationBeanPostProcessor$AutowiredFieldElement.inject(AutowiredAnnotationBeanPostProcessor.java:768)
	at org.springframework.beans.factory.annotation.InjectionMetadata.inject(InjectionMetadata.java:146)
	at org.springframework.beans.factory.annotation.AutowiredAnnotationBeanPostProcessor.postProcessProperties(AutowiredAnnotationBeanPostProcessor.java:509)
	at org.springframework.beans.factory.support.AbstractAutowireCapableBeanFactory.populateBean(AbstractAutowireCapableBeanFactory.java:1451)
	at org.springframework.beans.factory.support.AbstractAutowireCapableBeanFactory.doCreateBean(AbstractAutowireCapableBeanFactory.java:606)
	at org.springframework.beans.factory.support.AbstractAutowireCapableBeanFactory.createBean(AbstractAutowireCapableBeanFactory.java:529)
	at org.springframework.beans.factory.support.AbstractBeanFactory.lambda$doGetBean$0(AbstractBeanFactory.java:339)
	at org.springframework.beans.factory.support.DefaultSingletonBeanRegistry.getSingleton(DefaultSingletonBeanRegistry.java:371)
	at org.springframework.beans.factory.support.AbstractBeanFactory.doGetBean(AbstractBeanFactory.java:337)
	at org.springframework.beans.factory.support.AbstractBeanFactory.getBean(AbstractBeanFactory.java:202)
	at org.springframework.beans.factory.config.DependencyDescriptor.resolveCandidate(DependencyDescriptor.java:254)
	at org.springframework.beans.factory.support.DefaultListableBeanFactory.doResolveDependency(DefaultListableBeanFactory.java:1739)
	at org.springframework.beans.factory.support.DefaultListableBeanFactory.resolveDependency(DefaultListableBeanFactory.java:1627)
	at org.springframework.beans.factory.annotation.AutowiredAnnotationBeanPostProcessor$AutowiredFieldElement.resolveFieldValue(AutowiredAnnotationBeanPostProcessor.java:785)
	at org.springframework.beans.factory.annotation.AutowiredAnnotationBeanPostProcessor$AutowiredFieldElement.inject(AutowiredAnnotationBeanPostProcessor.java:768)
	at org.springframework.beans.factory.annotation.InjectionMetadata.inject(InjectionMetadata.java:146)
	at org.springframework.beans.factory.annotation.AutowiredAnnotationBeanPostProcessor.postProcessProperties(AutowiredAnnotationBeanPostProcessor.java:509)
	at org.springframework.beans.factory.support.AbstractAutowireCapableBeanFactory.populateBean(AbstractAutowireCapableBeanFactory.java:1451)
	at org.springframework.beans.factory.support.AbstractAutowireCapableBeanFactory.doCreateBean(AbstractAutowireCapableBeanFactory.java:606)
	at org.springframework.beans.factory.support.AbstractAutowireCapableBeanFactory.createBean(AbstractAutowireCapableBeanFactory.java:529)
	at org.springframework.beans.factory.support.AbstractBeanFactory.lambda$doGetBean$0(AbstractBeanFactory.java:339)
	at org.springframework.beans.factory.support.DefaultSingletonBeanRegistry.getSingleton(DefaultSingletonBeanRegistry.java:371)
	at org.springframework.beans.factory.support.AbstractBeanFactory.doGetBean(AbstractBeanFactory.java:337)
	at org.springframework.beans.factory.support.AbstractBeanFactory.getBean(AbstractBeanFactory.java:202)
	at org.springframework.beans.factory.support.DefaultListableBeanFactory.instantiateSingleton(DefaultListableBeanFactory.java:1221)
	at org.springframework.beans.factory.support.DefaultListableBeanFactory.preInstantiateSingleton(DefaultListableBeanFactory.java:1187)
	at org.springframework.beans.factory.support.DefaultListableBeanFactory.preInstantiateSingletons(DefaultListableBeanFactory.java:1122)
	at org.springframework.context.support.AbstractApplicationContext.finishBeanFactoryInitialization(AbstractApplicationContext.java:987)
	at org.springframework.context.support.AbstractApplicationContext.refresh(AbstractApplicationContext.java:627)
	at org.springframework.boot.web.servlet.context.ServletWebServerApplicationContext.refresh(ServletWebServerApplicationContext.java:146)
	at org.springframework.boot.SpringApplication.refresh(SpringApplication.java:753)
	at org.springframework.boot.SpringApplication.refreshContext(SpringApplication.java:439)
	at org.springframework.boot.SpringApplication.run(SpringApplication.java:318)
	at org.springframework.boot.SpringApplication.run(SpringApplication.java:1362)
	at org.springframework.boot.SpringApplication.run(SpringApplication.java:1351)
	at com.itheima.TliasApplication.main(TliasApplication.java:10)
2025-05-21 21:29:12.002 [main] WARN  o.s.b.w.s.c.AnnotationConfigServletWebServerApplicationContext-Exception encountered during context initialization - cancelling refresh attempt: org.springframework.beans.factory.UnsatisfiedDependencyException: Error creating bean with name 'empController': Unsatisfied dependency expressed through field 'empService': Error creating bean with name 'empServiceImpl': Unsatisfied dependency expressed through field 'empMapper': Error creating bean with name 'empMapper' defined in file [C:\Users\Wulaaer\Desktop\JavaProject\Tlias-web-management\Tlias\target\classes\com\itheima\mapper\EmpMapper.class]: java.lang.IllegalArgumentException: Mapped Statements collection already contains key com.itheima.mapper.EmpMapper.list. please check com/itheima/mapper/EmpMapper.xml and com/itheima/mapper/EmpMapper.java (best guess)
2025-05-21 21:29:12.004 [main] INFO  org.apache.catalina.core.StandardService-Stopping service [Tomcat]
2025-05-21 21:29:12.014 [main] INFO  o.s.b.a.logging.ConditionEvaluationReportLogger-

Error starting ApplicationContext. To display the condition evaluation report re-run your application with 'debug' enabled.
2025-05-21 21:29:12.029 [main] ERROR org.springframework.boot.SpringApplication-Application run failed
org.springframework.beans.factory.UnsatisfiedDependencyException: Error creating bean with name 'empController': Unsatisfied dependency expressed through field 'empService': Error creating bean with name 'empServiceImpl': Unsatisfied dependency expressed through field 'empMapper': Error creating bean with name 'empMapper' defined in file [C:\Users\Wulaaer\Desktop\JavaProject\Tlias-web-management\Tlias\target\classes\com\itheima\mapper\EmpMapper.class]: java.lang.IllegalArgumentException: Mapped Statements collection already contains key com.itheima.mapper.EmpMapper.list. please check com/itheima/mapper/EmpMapper.xml and com/itheima/mapper/EmpMapper.java (best guess)
	at org.springframework.beans.factory.annotation.AutowiredAnnotationBeanPostProcessor$AutowiredFieldElement.resolveFieldValue(AutowiredAnnotationBeanPostProcessor.java:788)
	at org.springframework.beans.factory.annotation.AutowiredAnnotationBeanPostProcessor$AutowiredFieldElement.inject(AutowiredAnnotationBeanPostProcessor.java:768)
	at org.springframework.beans.factory.annotation.InjectionMetadata.inject(InjectionMetadata.java:146)
	at org.springframework.beans.factory.annotation.AutowiredAnnotationBeanPostProcessor.postProcessProperties(AutowiredAnnotationBeanPostProcessor.java:509)
	at org.springframework.beans.factory.support.AbstractAutowireCapableBeanFactory.populateBean(AbstractAutowireCapableBeanFactory.java:1451)
	at org.springframework.beans.factory.support.AbstractAutowireCapableBeanFactory.doCreateBean(AbstractAutowireCapableBeanFactory.java:606)
	at org.springframework.beans.factory.support.AbstractAutowireCapableBeanFactory.createBean(AbstractAutowireCapableBeanFactory.java:529)
	at org.springframework.beans.factory.support.AbstractBeanFactory.lambda$doGetBean$0(AbstractBeanFactory.java:339)
	at org.springframework.beans.factory.support.DefaultSingletonBeanRegistry.getSingleton(DefaultSingletonBeanRegistry.java:371)
	at org.springframework.beans.factory.support.AbstractBeanFactory.doGetBean(AbstractBeanFactory.java:337)
	at org.springframework.beans.factory.support.AbstractBeanFactory.getBean(AbstractBeanFactory.java:202)
	at org.springframework.beans.factory.support.DefaultListableBeanFactory.instantiateSingleton(DefaultListableBeanFactory.java:1221)
	at org.springframework.beans.factory.support.DefaultListableBeanFactory.preInstantiateSingleton(DefaultListableBeanFactory.java:1187)
	at org.springframework.beans.factory.support.DefaultListableBeanFactory.preInstantiateSingletons(DefaultListableBeanFactory.java:1122)
	at org.springframework.context.support.AbstractApplicationContext.finishBeanFactoryInitialization(AbstractApplicationContext.java:987)
	at org.springframework.context.support.AbstractApplicationContext.refresh(AbstractApplicationContext.java:627)
	at org.springframework.boot.web.servlet.context.ServletWebServerApplicationContext.refresh(ServletWebServerApplicationContext.java:146)
	at org.springframework.boot.SpringApplication.refresh(SpringApplication.java:753)
	at org.springframework.boot.SpringApplication.refreshContext(SpringApplication.java:439)
	at org.springframework.boot.SpringApplication.run(SpringApplication.java:318)
	at org.springframework.boot.SpringApplication.run(SpringApplication.java:1362)
	at org.springframework.boot.SpringApplication.run(SpringApplication.java:1351)
	at com.itheima.TliasApplication.main(TliasApplication.java:10)
Caused by: org.springframework.beans.factory.UnsatisfiedDependencyException: Error creating bean with name 'empServiceImpl': Unsatisfied dependency expressed through field 'empMapper': Error creating bean with name 'empMapper' defined in file [C:\Users\Wulaaer\Desktop\JavaProject\Tlias-web-management\Tlias\target\classes\com\itheima\mapper\EmpMapper.class]: java.lang.IllegalArgumentException: Mapped Statements collection already contains key com.itheima.mapper.EmpMapper.list. please check com/itheima/mapper/EmpMapper.xml and com/itheima/mapper/EmpMapper.java (best guess)
	at org.springframework.beans.factory.annotation.AutowiredAnnotationBeanPostProcessor$AutowiredFieldElement.resolveFieldValue(AutowiredAnnotationBeanPostProcessor.java:788)
	at org.springframework.beans.factory.annotation.AutowiredAnnotationBeanPostProcessor$AutowiredFieldElement.inject(AutowiredAnnotationBeanPostProcessor.java:768)
	at org.springframework.beans.factory.annotation.InjectionMetadata.inject(InjectionMetadata.java:146)
	at org.springframework.beans.factory.annotation.AutowiredAnnotationBeanPostProcessor.postProcessProperties(AutowiredAnnotationBeanPostProcessor.java:509)
	at org.springframework.beans.factory.support.AbstractAutowireCapableBeanFactory.populateBean(AbstractAutowireCapableBeanFactory.java:1451)
	at org.springframework.beans.factory.support.AbstractAutowireCapableBeanFactory.doCreateBean(AbstractAutowireCapableBeanFactory.java:606)
	at org.springframework.beans.factory.support.AbstractAutowireCapableBeanFactory.createBean(AbstractAutowireCapableBeanFactory.java:529)
	at org.springframework.beans.factory.support.AbstractBeanFactory.lambda$doGetBean$0(AbstractBeanFactory.java:339)
	at org.springframework.beans.factory.support.DefaultSingletonBeanRegistry.getSingleton(DefaultSingletonBeanRegistry.java:371)
	at org.springframework.beans.factory.support.AbstractBeanFactory.doGetBean(AbstractBeanFactory.java:337)
	at org.springframework.beans.factory.support.AbstractBeanFactory.getBean(AbstractBeanFactory.java:202)
	at org.springframework.beans.factory.config.DependencyDescriptor.resolveCandidate(DependencyDescriptor.java:254)
	at org.springframework.beans.factory.support.DefaultListableBeanFactory.doResolveDependency(DefaultListableBeanFactory.java:1739)
	at org.springframework.beans.factory.support.DefaultListableBeanFactory.resolveDependency(DefaultListableBeanFactory.java:1627)
	at org.springframework.beans.factory.annotation.AutowiredAnnotationBeanPostProcessor$AutowiredFieldElement.resolveFieldValue(AutowiredAnnotationBeanPostProcessor.java:785)
	... 22 common frames omitted
Caused by: org.springframework.beans.factory.BeanCreationException: Error creating bean with name 'empMapper' defined in file [C:\Users\Wulaaer\Desktop\JavaProject\Tlias-web-management\Tlias\target\classes\com\itheima\mapper\EmpMapper.class]: java.lang.IllegalArgumentException: Mapped Statements collection already contains key com.itheima.mapper.EmpMapper.list. please check com/itheima/mapper/EmpMapper.xml and com/itheima/mapper/EmpMapper.java (best guess)
	at org.springframework.beans.factory.support.AbstractAutowireCapableBeanFactory.initializeBean(AbstractAutowireCapableBeanFactory.java:1818)
	at org.springframework.beans.factory.support.AbstractAutowireCapableBeanFactory.doCreateBean(AbstractAutowireCapableBeanFactory.java:607)
	at org.springframework.beans.factory.support.AbstractAutowireCapableBeanFactory.createBean(AbstractAutowireCapableBeanFactory.java:529)
	at org.springframework.beans.factory.support.AbstractBeanFactory.lambda$doGetBean$0(AbstractBeanFactory.java:339)
	at org.springframework.beans.factory.support.DefaultSingletonBeanRegistry.getSingleton(DefaultSingletonBeanRegistry.java:371)
	at org.springframework.beans.factory.support.AbstractBeanFactory.doGetBean(AbstractBeanFactory.java:337)
	at org.springframework.beans.factory.support.AbstractBeanFactory.getBean(AbstractBeanFactory.java:202)
	at org.springframework.beans.factory.support.DefaultListableBeanFactory.doResolveDependency(DefaultListableBeanFactory.java:1681)
	at org.springframework.beans.factory.support.DefaultListableBeanFactory.resolveDependency(DefaultListableBeanFactory.java:1627)
	at org.springframework.beans.factory.annotation.AutowiredAnnotationBeanPostProcessor$AutowiredFieldElement.resolveFieldValue(AutowiredAnnotationBeanPostProcessor.java:785)
	... 36 common frames omitted
Caused by: java.lang.IllegalArgumentException: java.lang.IllegalArgumentException: Mapped Statements collection already contains key com.itheima.mapper.EmpMapper.list. please check com/itheima/mapper/EmpMapper.xml and com/itheima/mapper/EmpMapper.java (best guess)
	at org.mybatis.spring.mapper.MapperFactoryBean.checkDaoConfig(MapperFactoryBean.java:79)
	at org.springframework.dao.support.DaoSupport.afterPropertiesSet(DaoSupport.java:44)
	at org.springframework.beans.factory.support.AbstractAutowireCapableBeanFactory.invokeInitMethods(AbstractAutowireCapableBeanFactory.java:1865)
	at org.springframework.beans.factory.support.AbstractAutowireCapableBeanFactory.initializeBean(AbstractAutowireCapableBeanFactory.java:1814)
	... 45 common frames omitted
Caused by: java.lang.IllegalArgumentException: Mapped Statements collection already contains key com.itheima.mapper.EmpMapper.list. please check com/itheima/mapper/EmpMapper.xml and com/itheima/mapper/EmpMapper.java (best guess)
	at org.apache.ibatis.session.Configuration$StrictMap.put(Configuration.java:1158)
	at org.apache.ibatis.session.Configuration$StrictMap.put(Configuration.java:1111)
	at org.apache.ibatis.session.Configuration.addMappedStatement(Configuration.java:834)
	at org.apache.ibatis.builder.MapperBuilderAssistant.addMappedStatement(MapperBuilderAssistant.java:223)
	at org.apache.ibatis.builder.annotation.MapperAnnotationBuilder.lambda$parseStatement$2(MapperAnnotationBuilder.java:349)
	at java.base/java.util.Optional.ifPresent(Optional.java:178)
	at org.apache.ibatis.builder.annotation.MapperAnnotationBuilder.parseStatement(MapperAnnotationBuilder.java:286)
	at org.apache.ibatis.builder.annotation.MapperAnnotationBuilder.parse(MapperAnnotationBuilder.java:131)
	at org.apache.ibatis.binding.MapperRegistry.addMapper(MapperRegistry.java:72)
	at org.apache.ibatis.session.Configuration.addMapper(Configuration.java:943)
	at org.mybatis.spring.mapper.MapperFactoryBean.checkDaoConfig(MapperFactoryBean.java:76)
	... 48 common frames omitted
2025-05-21 21:38:06.862 [main] INFO  com.itheima.TliasApplication-Starting TliasApplication using Java 17.0.15 with PID 23176 (C:\Users\Wulaaer\Desktop\JavaProject\Tlias-web-management\Tlias\target\classes started by Wulaaer in C:\Users\Wulaaer\Desktop\JavaProject\Tlias-web-management)
2025-05-21 21:38:06.864 [main] INFO  com.itheima.TliasApplication-No active profile set, falling back to 1 default profile: "default"
2025-05-21 21:38:07.439 [main] INFO  o.s.boot.web.embedded.tomcat.TomcatWebServer-Tomcat initialized with port 8080 (http)
2025-05-21 21:38:07.447 [main] INFO  org.apache.coyote.http11.Http11NioProtocol-Initializing ProtocolHandler ["http-nio-8080"]
2025-05-21 21:38:07.448 [main] INFO  org.apache.catalina.core.StandardService-Starting service [Tomcat]
2025-05-21 21:38:07.448 [main] INFO  org.apache.catalina.core.StandardEngine-Starting Servlet engine: [Apache Tomcat/10.1.40]
2025-05-21 21:38:07.477 [main] INFO  o.a.c.core.ContainerBase.[Tomcat].[localhost].[/]-Initializing Spring embedded WebApplicationContext
2025-05-21 21:38:07.478 [main] INFO  o.s.b.w.s.c.ServletWebServerApplicationContext-Root WebApplicationContext: initialization completed in 586 ms
2025-05-21 21:38:07.852 [main] INFO  org.apache.coyote.http11.Http11NioProtocol-Starting ProtocolHandler ["http-nio-8080"]
2025-05-21 21:38:07.864 [main] INFO  o.s.boot.web.embedded.tomcat.TomcatWebServer-Tomcat started on port 8080 (http) with context path '/'
2025-05-21 21:38:07.870 [main] INFO  com.itheima.TliasApplication-Started TliasApplication in 1.263 seconds (process running for 1.801)
2025-05-21 21:38:14.231 [http-nio-8080-exec-3] INFO  o.a.c.core.ContainerBase.[Tomcat].[localhost].[/]-Initializing Spring DispatcherServlet 'dispatcherServlet'
2025-05-21 21:38:14.231 [http-nio-8080-exec-3] INFO  org.springframework.web.servlet.DispatcherServlet-Initializing Servlet 'dispatcherServlet'
2025-05-21 21:38:14.232 [http-nio-8080-exec-3] INFO  org.springframework.web.servlet.DispatcherServlet-Completed initialization in 1 ms
2025-05-21 21:38:14.254 [http-nio-8080-exec-1] INFO  com.itheima.controller.DeptController-查询部门列表
2025-05-21 21:38:14.264 [http-nio-8080-exec-3] INFO  com.itheima.controller.EmpController-查询请求参数： EmpQueryParam(page=1, pageSize=10, name=, gender=null, begin=null, end=null)
2025-05-21 21:38:14.267 [http-nio-8080-exec-1] INFO  com.zaxxer.hikari.HikariDataSource-HikariPool-1 - Starting...
2025-05-21 21:38:14.460 [http-nio-8080-exec-1] INFO  com.zaxxer.hikari.pool.HikariPool-HikariPool-1 - Added connection com.mysql.cj.jdbc.ConnectionImpl@4674349
2025-05-21 21:38:14.462 [http-nio-8080-exec-1] INFO  com.zaxxer.hikari.HikariDataSource-HikariPool-1 - Start completed.
2025-05-21 21:38:16.776 [http-nio-8080-exec-7] INFO  com.itheima.controller.EmpController-查询请求参数： EmpQueryParam(page=2, pageSize=10, name=, gender=null, begin=null, end=null)
2025-05-21 21:38:17.314 [http-nio-8080-exec-4] INFO  com.itheima.controller.EmpController-查询请求参数： EmpQueryParam(page=3, pageSize=10, name=, gender=null, begin=null, end=null)
2025-05-21 21:38:18.268 [http-nio-8080-exec-5] INFO  com.itheima.controller.EmpController-查询请求参数： EmpQueryParam(page=1, pageSize=10, name=, gender=null, begin=null, end=null)
2025-05-21 21:38:18.960 [http-nio-8080-exec-6] INFO  com.itheima.controller.EmpController-查询请求参数： EmpQueryParam(page=2, pageSize=10, name=, gender=null, begin=null, end=null)
2025-05-21 21:38:19.578 [http-nio-8080-exec-2] INFO  com.itheima.controller.EmpController-查询请求参数： EmpQueryParam(page=3, pageSize=10, name=, gender=null, begin=null, end=null)
2025-05-21 21:38:23.625 [http-nio-8080-exec-8] INFO  com.itheima.controller.EmpController-查询请求参数： EmpQueryParam(page=3, pageSize=10, name=戈雅, gender=null, begin=null, end=null)
2025-05-21 21:38:23.640 [http-nio-8080-exec-9] INFO  com.itheima.controller.EmpController-查询请求参数： EmpQueryParam(page=1, pageSize=10, name=戈雅, gender=null, begin=null, end=null)
2025-05-21 21:38:28.123 [http-nio-8080-exec-10] INFO  com.itheima.controller.EmpController-查询请求参数： EmpQueryParam(page=1, pageSize=10, name=, gender=null, begin=null, end=null)
2025-05-21 21:38:38.081 [http-nio-8080-exec-1] INFO  com.itheima.controller.EmpController-查询请求参数： EmpQueryParam(page=1, pageSize=10, name=李, gender=null, begin=null, end=null)
2025-05-21 21:38:50.244 [http-nio-8080-exec-3] INFO  com.itheima.controller.EmpController-查询请求参数： EmpQueryParam(page=1, pageSize=10, name=李, gender=null, begin=2025-05-01, end=2025-06-25)
2025-05-21 21:38:52.070 [http-nio-8080-exec-7] INFO  com.itheima.controller.EmpController-查询请求参数： EmpQueryParam(page=1, pageSize=10, name=, gender=null, begin=null, end=null)
2025-05-21 21:38:56.802 [http-nio-8080-exec-4] INFO  com.itheima.controller.EmpController-查询请求参数： EmpQueryParam(page=1, pageSize=10, name=李, gender=null, begin=null, end=null)
2025-05-21 21:41:30.151 [SpringApplicationShutdownHook] INFO  o.s.boot.web.embedded.tomcat.GracefulShutdown-Commencing graceful shutdown. Waiting for active requests to complete
2025-05-21 21:41:30.201 [tomcat-shutdown] INFO  o.s.boot.web.embedded.tomcat.GracefulShutdown-Graceful shutdown complete
2025-05-21 21:41:30.203 [SpringApplicationShutdownHook] INFO  com.zaxxer.hikari.HikariDataSource-HikariPool-1 - Shutdown initiated...
2025-05-21 21:41:30.207 [SpringApplicationShutdownHook] INFO  com.zaxxer.hikari.HikariDataSource-HikariPool-1 - Shutdown completed.
